<?xml version="1.0" encoding="UTF-8"?>
<!-- Generated by org.testng.reporters.JUnitReportReporter -->
<testsuite hostname="G09INXNN29009X1" failures="0" tests="2" name="runners.LoginRunner" time="37.968" errors="0" timestamp="2024-10-04T17:56:07 IST" skipped="0">
  <testcase classname="runners.LoginRunner" name="runScenario" time="19.377"/>
  <testcase classname="runners.LoginRunner" name="runScenario" time="18.591"/>
</testsuite> <!-- runners.LoginRunner -->
