<?xml version="1.0" encoding="UTF-8"?>
<!-- Generated by org.testng.reporters.JUnitReportReporter -->
<testsuite hostname="DESKTOP-TGCDU3N" failures="0" tests="2" name="runners.LoginRunner" time="100.318" errors="0" timestamp="2024-10-09T23:21:45 IST" skipped="0">
  <testcase classname="runners.LoginRunner" name="runScenario" time="46.509"/>
  <testcase classname="runners.LoginRunner" name="runScenario" time="53.809"/>
</testsuite> <!-- runners.LoginRunner -->
